<?xml version="1.0" encoding="UTF-8"?>
<!-- Generated by org.testng.reporters.JUnitReportReporter -->
<testsuite hostname="LAPTOP-30NBV301" failures="0" tests="1" name="com.test.cases.TestCase1" time="4.047" errors="0" timestamp="2022-11-13T10:41:06 IST" skipped="0">
  <testcase classname="com.test.cases.TestCase1" name="LoginFuctionality" time="4.047"/>
  <system-out/>
</testsuite> <!-- com.test.cases.TestCase1 -->
