<?xml version="1.0" encoding="UTF-8"?>
<!-- Generated by org.testng.reporters.JUnitReportReporter -->
<testsuite hostname="LAPTOP-30NBV301" failures="0" tests="1" name="com.test.cases.TestCase2" time="8.375" errors="0" timestamp="2022-11-13T11:34:27 IST" skipped="0">
  <testcase classname="com.test.cases.TestCase2" name="SignUp" time="8.375"/>
  <system-out/>
</testsuite> <!-- com.test.cases.TestCase2 -->
